e:\aurora kernel\ldr\auldr\x64\debug\lowlevel.obj
e:\aurora kernel\ldr\auldr\x64\debug\graphics.obj
e:\aurora kernel\ldr\auldr\x64\debug\graphics.asm
e:\aurora kernel\ldr\auldr\x64\debug\aulib.obj
e:\aurora kernel\ldr\auldr\x64\debug\aulib.asm
e:\aurora kernel\ldr\auldr\x64\debug\type.obj
e:\aurora kernel\ldr\auldr\x64\debug\type.asm
e:\aurora kernel\ldr\auldr\x64\debug\string.obj
e:\aurora kernel\ldr\auldr\x64\debug\string.asm
e:\aurora kernel\ldr\auldr\x64\debug\print.obj
e:\aurora kernel\ldr\auldr\x64\debug\print.asm
e:\aurora kernel\ldr\auldr\x64\debug\main.obj
e:\aurora kernel\ldr\auldr\x64\debug\main.asm
e:\aurora kernel\ldr\auldr\x64\debug\au_mm.obj
e:\aurora kernel\ldr\auldr\x64\debug\au_mm.asm
e:\aurora kernel\ldr\auldr\x64\debug\vc120.pdb
f:\efi\boot\bootx64.efi
f:\efi\boot\bootx64.map
e:\aurora kernel\ldr\auldr\x64\debug\auldr.write.1.tlog
e:\aurora kernel\ldr\auldr\x64\debug\auldr.tlog\cl.15988.read.2.tlog
e:\aurora kernel\ldr\auldr\x64\debug\auldr.tlog\cl.15988.read.3.tlog
e:\aurora kernel\ldr\auldr\x64\debug\auldr.tlog\cl.15988.read.4.tlog
e:\aurora kernel\ldr\auldr\x64\debug\auldr.tlog\cl.19268.read.2.tlog
e:\aurora kernel\ldr\auldr\x64\debug\auldr.tlog\cl.19268.read.3.tlog
e:\aurora kernel\ldr\auldr\x64\debug\auldr.tlog\cl.19268.read.4.tlog
e:\aurora kernel\ldr\auldr\x64\debug\auldr.tlog\cl.19268.read.5.tlog
e:\aurora kernel\ldr\auldr\x64\debug\auldr.tlog\cl.22796.read.2.tlog
e:\aurora kernel\ldr\auldr\x64\debug\auldr.tlog\cl.22796.read.3.tlog
e:\aurora kernel\ldr\auldr\x64\debug\auldr.tlog\cl.23328.read.2.tlog
e:\aurora kernel\ldr\auldr\x64\debug\auldr.tlog\cl.26664.read.2.tlog
e:\aurora kernel\ldr\auldr\x64\debug\auldr.tlog\cl.26664.read.3.tlog
e:\aurora kernel\ldr\auldr\x64\debug\auldr.tlog\cl.26664.read.4.tlog
e:\aurora kernel\ldr\auldr\x64\debug\auldr.tlog\cl.26664.read.5.tlog
e:\aurora kernel\ldr\auldr\x64\debug\auldr.tlog\cl.26704.read.2.tlog
e:\aurora kernel\ldr\auldr\x64\debug\auldr.tlog\cl.27284.read.2.tlog
e:\aurora kernel\ldr\auldr\x64\debug\auldr.tlog\cl.27284.read.3.tlog
e:\aurora kernel\ldr\auldr\x64\debug\auldr.tlog\cl.27284.read.4.tlog
e:\aurora kernel\ldr\auldr\x64\debug\auldr.tlog\cl.27284.read.5.tlog
e:\aurora kernel\ldr\auldr\x64\debug\auldr.tlog\cl.command.1.tlog
e:\aurora kernel\ldr\auldr\x64\debug\auldr.tlog\cl.read.1.tlog
e:\aurora kernel\ldr\auldr\x64\debug\auldr.tlog\cl.write.1.tlog
e:\aurora kernel\ldr\auldr\x64\debug\auldr.tlog\link.command.1.tlog
e:\aurora kernel\ldr\auldr\x64\debug\auldr.tlog\link.read.1.tlog
e:\aurora kernel\ldr\auldr\x64\debug\auldr.tlog\link.write.1.tlog
