e:\aurora kernel\kernel\x64\debug\x86_64_ctx_switch.obj
e:\aurora kernel\kernel\x64\debug\_fastcpy.obj
e:\aurora kernel\kernel\x64\debug\x86_64_interrupt.obj
e:\aurora kernel\kernel\x64\debug\x86_64_lowlevel.obj
e:\aurora kernel\kernel\x64\debug\vc120.pdb
e:\aurora kernel\kernel\x64\debug\vc120.idb
e:\aurora kernel\kernel\x64\debug\x86_64_cpu.obj
e:\aurora kernel\kernel\x64\debug\x86_64_cpu.asm
e:\aurora kernel\kernel\x64\debug\x86_64_exception.obj
e:\aurora kernel\kernel\x64\debug\x86_64_exception.asm
e:\aurora kernel\kernel\x64\debug\x86_64_ioapic.obj
e:\aurora kernel\kernel\x64\debug\x86_64_ioapic.asm
e:\aurora kernel\kernel\x64\debug\x86_64_paging.obj
e:\aurora kernel\kernel\x64\debug\x86_64_paging.asm
e:\aurora kernel\kernel\x64\debug\x86_64_per_cpu.obj
e:\aurora kernel\kernel\x64\debug\x86_64_per_cpu.asm
e:\aurora kernel\kernel\x64\debug\x86_64_pmmngr.obj
e:\aurora kernel\kernel\x64\debug\x86_64_pmmngr.asm
e:\aurora kernel\kernel\x64\debug\x86_64_scheduler.obj
e:\aurora kernel\kernel\x64\debug\x86_64_scheduler.asm
e:\aurora kernel\kernel\x64\debug\au_spinlock.obj
e:\aurora kernel\kernel\x64\debug\au_spinlock.asm
e:\aurora kernel\kernel\x64\debug\console.obj
e:\aurora kernel\kernel\x64\debug\console.asm
e:\aurora kernel\kernel\x64\debug\devfs.obj
e:\aurora kernel\kernel\x64\debug\devfs.asm
e:\aurora kernel\kernel\x64\debug\vfs.obj
e:\aurora kernel\kernel\x64\debug\vfs.asm
e:\aurora kernel\kernel\x64\debug\au_acpi.obj
e:\aurora kernel\kernel\x64\debug\au_acpi.asm
e:\aurora kernel\kernel\x64\debug\au_video.obj
e:\aurora kernel\kernel\x64\debug\au_video.asm
e:\aurora kernel\kernel\x64\debug\serial.obj
e:\aurora kernel\kernel\x64\debug\serial.asm
e:\aurora kernel\kernel\x64\debug\main.obj
e:\aurora kernel\kernel\x64\debug\main.asm
e:\aurora kernel\kernel\x64\debug\kmalloc.obj
e:\aurora kernel\kernel\x64\debug\kmalloc.asm
e:\aurora kernel\kernel\x64\debug\pe.obj
e:\aurora kernel\kernel\x64\debug\pe.asm
e:\aurora kernel\kernel\x64\debug\stdlib.obj
e:\aurora kernel\kernel\x64\debug\stdlib.asm
e:\aurora kernel\kernel\x64\debug\string.obj
e:\aurora kernel\kernel\x64\debug\string.asm
e:\aurora kernel\kernel\x64\debug\list.obj
e:\aurora kernel\kernel\x64\debug\list.asm
e:\aurora kernel\kernel\x64\debug\x86_64_apic.obj
e:\aurora kernel\kernel\x64\debug\x86_64_apic.asm
e:\aurora kernel\kernel\x64\debug\x86_64_ap_init.obj
e:\aurora kernel\kernel\x64\debug\x86_64_ap_init.asm
e:\aurora kernel\kernel\x64\debug\kernel.lib
e:\aurora kernel\kernel\x64\debug\kernel.exp
f:\efi\xeneva\xnkrnl.exe
f:\efi\xeneva\xnkrnl.map
e:\aurora kernel\kernel\x64\debug\kernel.write.1.tlog
e:\aurora kernel\kernel\x64\debug\kernel.tlog\cl.command.1.tlog
e:\aurora kernel\kernel\x64\debug\kernel.tlog\cl.read.1.tlog
e:\aurora kernel\kernel\x64\debug\kernel.tlog\cl.read.2.tlog
e:\aurora kernel\kernel\x64\debug\kernel.tlog\cl.read.3.tlog
e:\aurora kernel\kernel\x64\debug\kernel.tlog\cl.read.4.tlog
e:\aurora kernel\kernel\x64\debug\kernel.tlog\cl.read.5.tlog
e:\aurora kernel\kernel\x64\debug\kernel.tlog\cl.write.1.tlog
e:\aurora kernel\kernel\x64\debug\kernel.tlog\kernel.write.1u.tlog
e:\aurora kernel\kernel\x64\debug\kernel.tlog\link.command.1.tlog
e:\aurora kernel\kernel\x64\debug\kernel.tlog\link.read.1.tlog
e:\aurora kernel\kernel\x64\debug\kernel.tlog\link.write.1.tlog
