Build started 09-04-2022 ৰাতিপু 11:20:24.
     1>Project "E:\Aurora Kernel\kernel\kernel.vcxproj" on node 2 (Rebuild target(s)).
     1>_NASM:
         arch\x86_64\x86_64_ctx_switch.asm
         cmd.exe /C "C:\Users\HP\AppData\Local\Temp\tmp29561d94064b4f35b93fa535c6e4516c.cmd"
         "C:\Program Files (x86)\Microsoft Visual Studio 12.0\VC\"nasm.exe -Xvc -f win64 -o "x64\Debug\x86_64_ctx_switch.obj"  "E:\Aurora Kernel\kernel\arch\x86_64\x86_64_ctx_switch.asm"
       _NASM:
         _fastcpy.asm
         cmd.exe /C "C:\Users\HP\AppData\Local\Temp\tmp19c378fd4e1641468ff91c89179b0dbd.cmd"
         "C:\Program Files (x86)\Microsoft Visual Studio 12.0\VC\"nasm.exe -Xvc -f win64 -o "x64\Debug\_fastcpy.obj"  "E:\Aurora Kernel\kernel\_fastcpy.asm"
       _NASM:
         arch\x86_64\x86_64_interrupt.asm
         cmd.exe /C "C:\Users\HP\AppData\Local\Temp\tmp51bd161027354a6a884b69296b16ec38.cmd"
         "C:\Program Files (x86)\Microsoft Visual Studio 12.0\VC\"nasm.exe -Xvc -f win64 -o "x64\Debug\x86_64_interrupt.obj"  "E:\Aurora Kernel\kernel\arch\x86_64\x86_64_interrupt.asm"
     1>E:\Aurora Kernel\kernel\arch\x86_64\x86_64_interrupt.asm(128): warning : signed dword immediate exceeds bounds
     1>E:\Aurora Kernel\kernel\arch\x86_64\x86_64_interrupt.asm(129): warning : signed dword immediate exceeds bounds
     1>E:\Aurora Kernel\kernel\arch\x86_64\x86_64_interrupt.asm(130): warning : signed dword immediate exceeds bounds
     1>E:\Aurora Kernel\kernel\arch\x86_64\x86_64_interrupt.asm(131): warning : signed dword immediate exceeds bounds
     1>E:\Aurora Kernel\kernel\arch\x86_64\x86_64_interrupt.asm(132): warning : signed dword immediate exceeds bounds
     1>E:\Aurora Kernel\kernel\arch\x86_64\x86_64_interrupt.asm(133): warning : signed dword immediate exceeds bounds
     1>E:\Aurora Kernel\kernel\arch\x86_64\x86_64_interrupt.asm(134): warning : signed dword immediate exceeds bounds
     1>E:\Aurora Kernel\kernel\arch\x86_64\x86_64_interrupt.asm(135): warning : signed dword immediate exceeds bounds
     1>E:\Aurora Kernel\kernel\arch\x86_64\x86_64_interrupt.asm(137): warning : signed dword immediate exceeds bounds
     1>E:\Aurora Kernel\kernel\arch\x86_64\x86_64_interrupt.asm(143): warning : signed dword immediate exceeds bounds
     1>E:\Aurora Kernel\kernel\arch\x86_64\x86_64_interrupt.asm(144): warning : signed dword immediate exceeds bounds
     1>E:\Aurora Kernel\kernel\arch\x86_64\x86_64_interrupt.asm(146): warning : signed dword immediate exceeds bounds
     1>E:\Aurora Kernel\kernel\arch\x86_64\x86_64_interrupt.asm(147): warning : signed dword immediate exceeds bounds
     1>E:\Aurora Kernel\kernel\arch\x86_64\x86_64_interrupt.asm(148): warning : signed dword immediate exceeds bounds
     1>E:\Aurora Kernel\kernel\arch\x86_64\x86_64_interrupt.asm(149): warning : signed dword immediate exceeds bounds
     1>E:\Aurora Kernel\kernel\arch\x86_64\x86_64_interrupt.asm(149): warning : signed dword immediate exceeds bounds
     1>E:\Aurora Kernel\kernel\arch\x86_64\x86_64_interrupt.asm(149): warning : signed dword immediate exceeds bounds
     1>E:\Aurora Kernel\kernel\arch\x86_64\x86_64_interrupt.asm(149): warning : signed dword immediate exceeds bounds
     1>E:\Aurora Kernel\kernel\arch\x86_64\x86_64_interrupt.asm(149): warning : signed dword immediate exceeds bounds
     1>E:\Aurora Kernel\kernel\arch\x86_64\x86_64_interrupt.asm(149): warning : signed dword immediate exceeds bounds
     1>E:\Aurora Kernel\kernel\arch\x86_64\x86_64_interrupt.asm(149): warning : signed dword immediate exceeds bounds
     1>E:\Aurora Kernel\kernel\arch\x86_64\x86_64_interrupt.asm(149): warning : signed dword immediate exceeds bounds
     1>E:\Aurora Kernel\kernel\arch\x86_64\x86_64_interrupt.asm(149): warning : signed dword immediate exceeds bounds
     1>E:\Aurora Kernel\kernel\arch\x86_64\x86_64_interrupt.asm(151): warning : signed dword immediate exceeds bounds
     1>E:\Aurora Kernel\kernel\arch\x86_64\x86_64_interrupt.asm(152): warning : signed dword immediate exceeds bounds
     1>E:\Aurora Kernel\kernel\arch\x86_64\x86_64_interrupt.asm(152): warning : signed dword immediate exceeds bounds
     1>E:\Aurora Kernel\kernel\arch\x86_64\x86_64_interrupt.asm(152): warning : signed dword immediate exceeds bounds
     1>E:\Aurora Kernel\kernel\arch\x86_64\x86_64_interrupt.asm(152): warning : signed dword immediate exceeds bounds
     1>E:\Aurora Kernel\kernel\arch\x86_64\x86_64_interrupt.asm(152): warning : signed dword immediate exceeds bounds
     1>E:\Aurora Kernel\kernel\arch\x86_64\x86_64_interrupt.asm(152): warning : signed dword immediate exceeds bounds
     1>E:\Aurora Kernel\kernel\arch\x86_64\x86_64_interrupt.asm(152): warning : signed dword immediate exceeds bounds
     1>E:\Aurora Kernel\kernel\arch\x86_64\x86_64_interrupt.asm(152): warning : signed dword immediate exceeds bounds
     1>E:\Aurora Kernel\kernel\arch\x86_64\x86_64_interrupt.asm(152): warning : signed dword immediate exceeds bounds
     1>E:\Aurora Kernel\kernel\arch\x86_64\x86_64_interrupt.asm(152): warning : signed dword immediate exceeds bounds
     1>E:\Aurora Kernel\kernel\arch\x86_64\x86_64_interrupt.asm(152): warning : signed dword immediate exceeds bounds
     1>E:\Aurora Kernel\kernel\arch\x86_64\x86_64_interrupt.asm(152): warning : signed dword immediate exceeds bounds
     1>E:\Aurora Kernel\kernel\arch\x86_64\x86_64_interrupt.asm(152): warning : signed dword immediate exceeds bounds
     1>E:\Aurora Kernel\kernel\arch\x86_64\x86_64_interrupt.asm(152): warning : signed dword immediate exceeds bounds
     1>E:\Aurora Kernel\kernel\arch\x86_64\x86_64_interrupt.asm(152): warning : signed dword immediate exceeds bounds
     1>E:\Aurora Kernel\kernel\arch\x86_64\x86_64_interrupt.asm(152): warning : signed dword immediate exceeds bounds
     1>E:\Aurora Kernel\kernel\arch\x86_64\x86_64_interrupt.asm(152): warning : signed dword immediate exceeds bounds
     1>E:\Aurora Kernel\kernel\arch\x86_64\x86_64_interrupt.asm(152): warning : signed dword immediate exceeds bounds
     1>E:\Aurora Kernel\kernel\arch\x86_64\x86_64_interrupt.asm(152): warning : signed dword immediate exceeds bounds
     1>E:\Aurora Kernel\kernel\arch\x86_64\x86_64_interrupt.asm(152): warning : signed dword immediate exceeds bounds
     1>E:\Aurora Kernel\kernel\arch\x86_64\x86_64_interrupt.asm(152): warning : signed dword immediate exceeds bounds
     1>E:\Aurora Kernel\kernel\arch\x86_64\x86_64_interrupt.asm(152): warning : signed dword immediate exceeds bounds
     1>E:\Aurora Kernel\kernel\arch\x86_64\x86_64_interrupt.asm(152): warning : signed dword immediate exceeds bounds
     1>E:\Aurora Kernel\kernel\arch\x86_64\x86_64_interrupt.asm(152): warning : signed dword immediate exceeds bounds
     1>E:\Aurora Kernel\kernel\arch\x86_64\x86_64_interrupt.asm(152): warning : signed dword immediate exceeds bounds
     1>E:\Aurora Kernel\kernel\arch\x86_64\x86_64_interrupt.asm(152): warning : signed dword immediate exceeds bounds
     1>E:\Aurora Kernel\kernel\arch\x86_64\x86_64_interrupt.asm(152): warning : signed dword immediate exceeds bounds
     1>E:\Aurora Kernel\kernel\arch\x86_64\x86_64_interrupt.asm(152): warning : signed dword immediate exceeds bounds
     1>E:\Aurora Kernel\kernel\arch\x86_64\x86_64_interrupt.asm(152): warning : signed dword immediate exceeds bounds
     1>E:\Aurora Kernel\kernel\arch\x86_64\x86_64_interrupt.asm(152): warning : signed dword immediate exceeds bounds
     1>E:\Aurora Kernel\kernel\arch\x86_64\x86_64_interrupt.asm(152): warning : signed dword immediate exceeds bounds
     1>E:\Aurora Kernel\kernel\arch\x86_64\x86_64_interrupt.asm(152): warning : signed dword immediate exceeds bounds
     1>E:\Aurora Kernel\kernel\arch\x86_64\x86_64_interrupt.asm(152): warning : signed dword immediate exceeds bounds
     1>E:\Aurora Kernel\kernel\arch\x86_64\x86_64_interrupt.asm(152): warning : signed dword immediate exceeds bounds
     1>E:\Aurora Kernel\kernel\arch\x86_64\x86_64_interrupt.asm(152): warning : signed dword immediate exceeds bounds
     1>E:\Aurora Kernel\kernel\arch\x86_64\x86_64_interrupt.asm(152): warning : signed dword immediate exceeds bounds
     1>E:\Aurora Kernel\kernel\arch\x86_64\x86_64_interrupt.asm(152): warning : signed dword immediate exceeds bounds
     1>E:\Aurora Kernel\kernel\arch\x86_64\x86_64_interrupt.asm(152): warning : signed dword immediate exceeds bounds
     1>E:\Aurora Kernel\kernel\arch\x86_64\x86_64_interrupt.asm(152): warning : signed dword immediate exceeds bounds
     1>E:\Aurora Kernel\kernel\arch\x86_64\x86_64_interrupt.asm(152): warning : signed dword immediate exceeds bounds
     1>E:\Aurora Kernel\kernel\arch\x86_64\x86_64_interrupt.asm(152): warning : signed dword immediate exceeds bounds
     1>E:\Aurora Kernel\kernel\arch\x86_64\x86_64_interrupt.asm(152): warning : signed dword immediate exceeds bounds
     1>E:\Aurora Kernel\kernel\arch\x86_64\x86_64_interrupt.asm(152): warning : signed dword immediate exceeds bounds
     1>E:\Aurora Kernel\kernel\arch\x86_64\x86_64_interrupt.asm(152): warning : signed dword immediate exceeds bounds
     1>E:\Aurora Kernel\kernel\arch\x86_64\x86_64_interrupt.asm(152): warning : signed dword immediate exceeds bounds
     1>E:\Aurora Kernel\kernel\arch\x86_64\x86_64_interrupt.asm(152): warning : signed dword immediate exceeds bounds
     1>E:\Aurora Kernel\kernel\arch\x86_64\x86_64_interrupt.asm(152): warning : signed dword immediate exceeds bounds
     1>E:\Aurora Kernel\kernel\arch\x86_64\x86_64_interrupt.asm(152): warning : signed dword immediate exceeds bounds
     1>E:\Aurora Kernel\kernel\arch\x86_64\x86_64_interrupt.asm(152): warning : signed dword immediate exceeds bounds
     1>E:\Aurora Kernel\kernel\arch\x86_64\x86_64_interrupt.asm(152): warning : signed dword immediate exceeds bounds
     1>E:\Aurora Kernel\kernel\arch\x86_64\x86_64_interrupt.asm(152): warning : signed dword immediate exceeds bounds
     1>E:\Aurora Kernel\kernel\arch\x86_64\x86_64_interrupt.asm(152): warning : signed dword immediate exceeds bounds
     1>E:\Aurora Kernel\kernel\arch\x86_64\x86_64_interrupt.asm(152): warning : signed dword immediate exceeds bounds
     1>E:\Aurora Kernel\kernel\arch\x86_64\x86_64_interrupt.asm(152): warning : signed dword immediate exceeds bounds
     1>E:\Aurora Kernel\kernel\arch\x86_64\x86_64_interrupt.asm(152): warning : signed dword immediate exceeds bounds
     1>E:\Aurora Kernel\kernel\arch\x86_64\x86_64_interrupt.asm(152): warning : signed dword immediate exceeds bounds
     1>E:\Aurora Kernel\kernel\arch\x86_64\x86_64_interrupt.asm(152): warning : signed dword immediate exceeds bounds
     1>E:\Aurora Kernel\kernel\arch\x86_64\x86_64_interrupt.asm(152): warning : signed dword immediate exceeds bounds
     1>E:\Aurora Kernel\kernel\arch\x86_64\x86_64_interrupt.asm(152): warning : signed dword immediate exceeds bounds
     1>E:\Aurora Kernel\kernel\arch\x86_64\x86_64_interrupt.asm(152): warning : signed dword immediate exceeds bounds
     1>E:\Aurora Kernel\kernel\arch\x86_64\x86_64_interrupt.asm(152): warning : signed dword immediate exceeds bounds
     1>E:\Aurora Kernel\kernel\arch\x86_64\x86_64_interrupt.asm(152): warning : signed dword immediate exceeds bounds
     1>E:\Aurora Kernel\kernel\arch\x86_64\x86_64_interrupt.asm(152): warning : signed dword immediate exceeds bounds
     1>E:\Aurora Kernel\kernel\arch\x86_64\x86_64_interrupt.asm(152): warning : signed dword immediate exceeds bounds
     1>E:\Aurora Kernel\kernel\arch\x86_64\x86_64_interrupt.asm(152): warning : signed dword immediate exceeds bounds
     1>E:\Aurora Kernel\kernel\arch\x86_64\x86_64_interrupt.asm(152): warning : signed dword immediate exceeds bounds
     1>E:\Aurora Kernel\kernel\arch\x86_64\x86_64_interrupt.asm(152): warning : signed dword immediate exceeds bounds
     1>E:\Aurora Kernel\kernel\arch\x86_64\x86_64_interrupt.asm(152): warning : signed dword immediate exceeds bounds
     1>E:\Aurora Kernel\kernel\arch\x86_64\x86_64_interrupt.asm(152): warning : signed dword immediate exceeds bounds
     1>E:\Aurora Kernel\kernel\arch\x86_64\x86_64_interrupt.asm(152): warning : signed dword immediate exceeds bounds
     1>E:\Aurora Kernel\kernel\arch\x86_64\x86_64_interrupt.asm(152): warning : signed dword immediate exceeds bounds
     1>E:\Aurora Kernel\kernel\arch\x86_64\x86_64_interrupt.asm(152): warning : signed dword immediate exceeds bounds
     1>E:\Aurora Kernel\kernel\arch\x86_64\x86_64_interrupt.asm(152): warning : signed dword immediate exceeds bounds
     1>E:\Aurora Kernel\kernel\arch\x86_64\x86_64_interrupt.asm(152): warning : signed dword immediate exceeds bounds
     1>E:\Aurora Kernel\kernel\arch\x86_64\x86_64_interrupt.asm(152): warning : signed dword immediate exceeds bounds
     1>E:\Aurora Kernel\kernel\arch\x86_64\x86_64_interrupt.asm(152): warning : signed dword immediate exceeds bounds
     1>E:\Aurora Kernel\kernel\arch\x86_64\x86_64_interrupt.asm(152): warning : signed dword immediate exceeds bounds
     1>E:\Aurora Kernel\kernel\arch\x86_64\x86_64_interrupt.asm(152): warning : signed dword immediate exceeds bounds
     1>E:\Aurora Kernel\kernel\arch\x86_64\x86_64_interrupt.asm(152): warning : signed dword immediate exceeds bounds
     1>E:\Aurora Kernel\kernel\arch\x86_64\x86_64_interrupt.asm(152): warning : signed dword immediate exceeds bounds
     1>E:\Aurora Kernel\kernel\arch\x86_64\x86_64_interrupt.asm(152): warning : signed dword immediate exceeds bounds
     1>E:\Aurora Kernel\kernel\arch\x86_64\x86_64_interrupt.asm(152): warning : signed dword immediate exceeds bounds
     1>E:\Aurora Kernel\kernel\arch\x86_64\x86_64_interrupt.asm(152): warning : signed dword immediate exceeds bounds
     1>E:\Aurora Kernel\kernel\arch\x86_64\x86_64_interrupt.asm(152): warning : signed dword immediate exceeds bounds
     1>E:\Aurora Kernel\kernel\arch\x86_64\x86_64_interrupt.asm(152): warning : signed dword immediate exceeds bounds
     1>E:\Aurora Kernel\kernel\arch\x86_64\x86_64_interrupt.asm(152): warning : signed dword immediate exceeds bounds
     1>E:\Aurora Kernel\kernel\arch\x86_64\x86_64_interrupt.asm(152): warning : signed dword immediate exceeds bounds
     1>E:\Aurora Kernel\kernel\arch\x86_64\x86_64_interrupt.asm(152): warning : signed dword immediate exceeds bounds
     1>E:\Aurora Kernel\kernel\arch\x86_64\x86_64_interrupt.asm(152): warning : signed dword immediate exceeds bounds
     1>E:\Aurora Kernel\kernel\arch\x86_64\x86_64_interrupt.asm(152): warning : signed dword immediate exceeds bounds
     1>E:\Aurora Kernel\kernel\arch\x86_64\x86_64_interrupt.asm(152): warning : signed dword immediate exceeds bounds
     1>E:\Aurora Kernel\kernel\arch\x86_64\x86_64_interrupt.asm(152): warning : signed dword immediate exceeds bounds
     1>E:\Aurora Kernel\kernel\arch\x86_64\x86_64_interrupt.asm(152): warning : signed dword immediate exceeds bounds
     1>E:\Aurora Kernel\kernel\arch\x86_64\x86_64_interrupt.asm(152): warning : signed dword immediate exceeds bounds
     1>E:\Aurora Kernel\kernel\arch\x86_64\x86_64_interrupt.asm(152): warning : signed dword immediate exceeds bounds
     1>E:\Aurora Kernel\kernel\arch\x86_64\x86_64_interrupt.asm(152): warning : signed dword immediate exceeds bounds
     1>E:\Aurora Kernel\kernel\arch\x86_64\x86_64_interrupt.asm(152): warning : signed dword immediate exceeds bounds
     1>E:\Aurora Kernel\kernel\arch\x86_64\x86_64_interrupt.asm(152): warning : signed dword immediate exceeds bounds
     1>E:\Aurora Kernel\kernel\arch\x86_64\x86_64_interrupt.asm(152): warning : signed dword immediate exceeds bounds
     1>E:\Aurora Kernel\kernel\arch\x86_64\x86_64_interrupt.asm(152): warning : signed dword immediate exceeds bounds
     1>E:\Aurora Kernel\kernel\arch\x86_64\x86_64_interrupt.asm(152): warning : signed dword immediate exceeds bounds
     1>E:\Aurora Kernel\kernel\arch\x86_64\x86_64_interrupt.asm(152): warning : signed dword immediate exceeds bounds
     1>E:\Aurora Kernel\kernel\arch\x86_64\x86_64_interrupt.asm(152): warning : signed dword immediate exceeds bounds
     1>E:\Aurora Kernel\kernel\arch\x86_64\x86_64_interrupt.asm(152): warning : signed dword immediate exceeds bounds
     1>E:\Aurora Kernel\kernel\arch\x86_64\x86_64_interrupt.asm(152): warning : signed dword immediate exceeds bounds
     1>E:\Aurora Kernel\kernel\arch\x86_64\x86_64_interrupt.asm(152): warning : signed dword immediate exceeds bounds
     1>E:\Aurora Kernel\kernel\arch\x86_64\x86_64_interrupt.asm(152): warning : signed dword immediate exceeds bounds
     1>E:\Aurora Kernel\kernel\arch\x86_64\x86_64_interrupt.asm(152): warning : signed dword immediate exceeds bounds
     1>E:\Aurora Kernel\kernel\arch\x86_64\x86_64_interrupt.asm(152): warning : signed dword immediate exceeds bounds
     1>E:\Aurora Kernel\kernel\arch\x86_64\x86_64_interrupt.asm(152): warning : signed dword immediate exceeds bounds
     1>E:\Aurora Kernel\kernel\arch\x86_64\x86_64_interrupt.asm(152): warning : signed dword immediate exceeds bounds
     1>E:\Aurora Kernel\kernel\arch\x86_64\x86_64_interrupt.asm(152): warning : signed dword immediate exceeds bounds
     1>E:\Aurora Kernel\kernel\arch\x86_64\x86_64_interrupt.asm(152): warning : signed dword immediate exceeds bounds
     1>E:\Aurora Kernel\kernel\arch\x86_64\x86_64_interrupt.asm(152): warning : signed dword immediate exceeds bounds
     1>E:\Aurora Kernel\kernel\arch\x86_64\x86_64_interrupt.asm(152): warning : signed dword immediate exceeds bounds
     1>E:\Aurora Kernel\kernel\arch\x86_64\x86_64_interrupt.asm(152): warning : signed dword immediate exceeds bounds
     1>E:\Aurora Kernel\kernel\arch\x86_64\x86_64_interrupt.asm(152): warning : signed dword immediate exceeds bounds
     1>E:\Aurora Kernel\kernel\arch\x86_64\x86_64_interrupt.asm(152): warning : signed dword immediate exceeds bounds
     1>E:\Aurora Kernel\kernel\arch\x86_64\x86_64_interrupt.asm(152): warning : signed dword immediate exceeds bounds
     1>E:\Aurora Kernel\kernel\arch\x86_64\x86_64_interrupt.asm(152): warning : signed dword immediate exceeds bounds
     1>E:\Aurora Kernel\kernel\arch\x86_64\x86_64_interrupt.asm(152): warning : signed dword immediate exceeds bounds
     1>E:\Aurora Kernel\kernel\arch\x86_64\x86_64_interrupt.asm(152): warning : signed dword immediate exceeds bounds
     1>E:\Aurora Kernel\kernel\arch\x86_64\x86_64_interrupt.asm(152): warning : signed dword immediate exceeds bounds
     1>E:\Aurora Kernel\kernel\arch\x86_64\x86_64_interrupt.asm(152): warning : signed dword immediate exceeds bounds
     1>E:\Aurora Kernel\kernel\arch\x86_64\x86_64_interrupt.asm(152): warning : signed dword immediate exceeds bounds
     1>E:\Aurora Kernel\kernel\arch\x86_64\x86_64_interrupt.asm(152): warning : signed dword immediate exceeds bounds
     1>E:\Aurora Kernel\kernel\arch\x86_64\x86_64_interrupt.asm(152): warning : signed dword immediate exceeds bounds
     1>E:\Aurora Kernel\kernel\arch\x86_64\x86_64_interrupt.asm(152): warning : signed dword immediate exceeds bounds
     1>E:\Aurora Kernel\kernel\arch\x86_64\x86_64_interrupt.asm(152): warning : signed dword immediate exceeds bounds
     1>E:\Aurora Kernel\kernel\arch\x86_64\x86_64_interrupt.asm(152): warning : signed dword immediate exceeds bounds
     1>E:\Aurora Kernel\kernel\arch\x86_64\x86_64_interrupt.asm(152): warning : signed dword immediate exceeds bounds
     1>E:\Aurora Kernel\kernel\arch\x86_64\x86_64_interrupt.asm(152): warning : signed dword immediate exceeds bounds
     1>E:\Aurora Kernel\kernel\arch\x86_64\x86_64_interrupt.asm(152): warning : signed dword immediate exceeds bounds
     1>E:\Aurora Kernel\kernel\arch\x86_64\x86_64_interrupt.asm(152): warning : signed dword immediate exceeds bounds
     1>E:\Aurora Kernel\kernel\arch\x86_64\x86_64_interrupt.asm(152): warning : signed dword immediate exceeds bounds
     1>E:\Aurora Kernel\kernel\arch\x86_64\x86_64_interrupt.asm(152): warning : signed dword immediate exceeds bounds
     1>E:\Aurora Kernel\kernel\arch\x86_64\x86_64_interrupt.asm(152): warning : signed dword immediate exceeds bounds
     1>E:\Aurora Kernel\kernel\arch\x86_64\x86_64_interrupt.asm(152): warning : signed dword immediate exceeds bounds
     1>E:\Aurora Kernel\kernel\arch\x86_64\x86_64_interrupt.asm(152): warning : signed dword immediate exceeds bounds
     1>E:\Aurora Kernel\kernel\arch\x86_64\x86_64_interrupt.asm(152): warning : signed dword immediate exceeds bounds
     1>E:\Aurora Kernel\kernel\arch\x86_64\x86_64_interrupt.asm(152): warning : signed dword immediate exceeds bounds
     1>E:\Aurora Kernel\kernel\arch\x86_64\x86_64_interrupt.asm(152): warning : signed dword immediate exceeds bounds
     1>E:\Aurora Kernel\kernel\arch\x86_64\x86_64_interrupt.asm(152): warning : signed dword immediate exceeds bounds
     1>E:\Aurora Kernel\kernel\arch\x86_64\x86_64_interrupt.asm(152): warning : signed dword immediate exceeds bounds
     1>E:\Aurora Kernel\kernel\arch\x86_64\x86_64_interrupt.asm(152): warning : signed dword immediate exceeds bounds
     1>E:\Aurora Kernel\kernel\arch\x86_64\x86_64_interrupt.asm(152): warning : signed dword immediate exceeds bounds
     1>E:\Aurora Kernel\kernel\arch\x86_64\x86_64_interrupt.asm(152): warning : signed dword immediate exceeds bounds
     1>E:\Aurora Kernel\kernel\arch\x86_64\x86_64_interrupt.asm(152): warning : signed dword immediate exceeds bounds
     1>E:\Aurora Kernel\kernel\arch\x86_64\x86_64_interrupt.asm(152): warning : signed dword immediate exceeds bounds
     1>E:\Aurora Kernel\kernel\arch\x86_64\x86_64_interrupt.asm(152): warning : signed dword immediate exceeds bounds
     1>E:\Aurora Kernel\kernel\arch\x86_64\x86_64_interrupt.asm(152): warning : signed dword immediate exceeds bounds
     1>E:\Aurora Kernel\kernel\arch\x86_64\x86_64_interrupt.asm(152): warning : signed dword immediate exceeds bounds
     1>E:\Aurora Kernel\kernel\arch\x86_64\x86_64_interrupt.asm(152): warning : signed dword immediate exceeds bounds
     1>E:\Aurora Kernel\kernel\arch\x86_64\x86_64_interrupt.asm(152): warning : signed dword immediate exceeds bounds
     1>E:\Aurora Kernel\kernel\arch\x86_64\x86_64_interrupt.asm(152): warning : signed dword immediate exceeds bounds
     1>E:\Aurora Kernel\kernel\arch\x86_64\x86_64_interrupt.asm(152): warning : signed dword immediate exceeds bounds
     1>E:\Aurora Kernel\kernel\arch\x86_64\x86_64_interrupt.asm(152): warning : signed dword immediate exceeds bounds
     1>E:\Aurora Kernel\kernel\arch\x86_64\x86_64_interrupt.asm(152): warning : signed dword immediate exceeds bounds
     1>E:\Aurora Kernel\kernel\arch\x86_64\x86_64_interrupt.asm(152): warning : signed dword immediate exceeds bounds
     1>E:\Aurora Kernel\kernel\arch\x86_64\x86_64_interrupt.asm(152): warning : signed dword immediate exceeds bounds
     1>E:\Aurora Kernel\kernel\arch\x86_64\x86_64_interrupt.asm(152): warning : signed dword immediate exceeds bounds
     1>E:\Aurora Kernel\kernel\arch\x86_64\x86_64_interrupt.asm(152): warning : signed dword immediate exceeds bounds
     1>E:\Aurora Kernel\kernel\arch\x86_64\x86_64_interrupt.asm(152): warning : signed dword immediate exceeds bounds
     1>E:\Aurora Kernel\kernel\arch\x86_64\x86_64_interrupt.asm(152): warning : signed dword immediate exceeds bounds
     1>E:\Aurora Kernel\kernel\arch\x86_64\x86_64_interrupt.asm(152): warning : signed dword immediate exceeds bounds
     1>E:\Aurora Kernel\kernel\arch\x86_64\x86_64_interrupt.asm(152): warning : signed dword immediate exceeds bounds
     1>E:\Aurora Kernel\kernel\arch\x86_64\x86_64_interrupt.asm(152): warning : signed dword immediate exceeds bounds
     1>E:\Aurora Kernel\kernel\arch\x86_64\x86_64_interrupt.asm(152): warning : signed dword immediate exceeds bounds
     1>E:\Aurora Kernel\kernel\arch\x86_64\x86_64_interrupt.asm(152): warning : signed dword immediate exceeds bounds
     1>E:\Aurora Kernel\kernel\arch\x86_64\x86_64_interrupt.asm(152): warning : signed dword immediate exceeds bounds
     1>E:\Aurora Kernel\kernel\arch\x86_64\x86_64_interrupt.asm(152): warning : signed dword immediate exceeds bounds
     1>E:\Aurora Kernel\kernel\arch\x86_64\x86_64_interrupt.asm(152): warning : signed dword immediate exceeds bounds
     1>E:\Aurora Kernel\kernel\arch\x86_64\x86_64_interrupt.asm(152): warning : signed dword immediate exceeds bounds
     1>E:\Aurora Kernel\kernel\arch\x86_64\x86_64_interrupt.asm(152): warning : signed dword immediate exceeds bounds
     1>E:\Aurora Kernel\kernel\arch\x86_64\x86_64_interrupt.asm(152): warning : signed dword immediate exceeds bounds
     1>E:\Aurora Kernel\kernel\arch\x86_64\x86_64_interrupt.asm(152): warning : signed dword immediate exceeds bounds
     1>E:\Aurora Kernel\kernel\arch\x86_64\x86_64_interrupt.asm(152): warning : signed dword immediate exceeds bounds
     1>E:\Aurora Kernel\kernel\arch\x86_64\x86_64_interrupt.asm(152): warning : signed dword immediate exceeds bounds
     1>E:\Aurora Kernel\kernel\arch\x86_64\x86_64_interrupt.asm(152): warning : signed dword immediate exceeds bounds
     1>E:\Aurora Kernel\kernel\arch\x86_64\x86_64_interrupt.asm(152): warning : signed dword immediate exceeds bounds
     1>E:\Aurora Kernel\kernel\arch\x86_64\x86_64_interrupt.asm(152): warning : signed dword immediate exceeds bounds
     1>E:\Aurora Kernel\kernel\arch\x86_64\x86_64_interrupt.asm(152): warning : signed dword immediate exceeds bounds
     1>E:\Aurora Kernel\kernel\arch\x86_64\x86_64_interrupt.asm(152): warning : signed dword immediate exceeds bounds
     1>E:\Aurora Kernel\kernel\arch\x86_64\x86_64_interrupt.asm(152): warning : signed dword immediate exceeds bounds
     1>E:\Aurora Kernel\kernel\arch\x86_64\x86_64_interrupt.asm(152): warning : signed dword immediate exceeds bounds
     1>E:\Aurora Kernel\kernel\arch\x86_64\x86_64_interrupt.asm(152): warning : signed dword immediate exceeds bounds
     1>E:\Aurora Kernel\kernel\arch\x86_64\x86_64_interrupt.asm(152): warning : signed dword immediate exceeds bounds
     1>E:\Aurora Kernel\kernel\arch\x86_64\x86_64_interrupt.asm(152): warning : signed dword immediate exceeds bounds
     1>E:\Aurora Kernel\kernel\arch\x86_64\x86_64_interrupt.asm(152): warning : signed dword immediate exceeds bounds
     1>E:\Aurora Kernel\kernel\arch\x86_64\x86_64_interrupt.asm(152): warning : signed dword immediate exceeds bounds
     1>E:\Aurora Kernel\kernel\arch\x86_64\x86_64_interrupt.asm(152): warning : signed dword immediate exceeds bounds
     1>E:\Aurora Kernel\kernel\arch\x86_64\x86_64_interrupt.asm(152): warning : signed dword immediate exceeds bounds
     1>E:\Aurora Kernel\kernel\arch\x86_64\x86_64_interrupt.asm(152): warning : signed dword immediate exceeds bounds
     1>E:\Aurora Kernel\kernel\arch\x86_64\x86_64_interrupt.asm(152): warning : signed dword immediate exceeds bounds
     1>E:\Aurora Kernel\kernel\arch\x86_64\x86_64_interrupt.asm(152): warning : signed dword immediate exceeds bounds
     1>E:\Aurora Kernel\kernel\arch\x86_64\x86_64_interrupt.asm(152): warning : signed dword immediate exceeds bounds
     1>E:\Aurora Kernel\kernel\arch\x86_64\x86_64_interrupt.asm(152): warning : signed dword immediate exceeds bounds
     1>E:\Aurora Kernel\kernel\arch\x86_64\x86_64_interrupt.asm(152): warning : signed dword immediate exceeds bounds
     1>E:\Aurora Kernel\kernel\arch\x86_64\x86_64_interrupt.asm(152): warning : signed dword immediate exceeds bounds
     1>E:\Aurora Kernel\kernel\arch\x86_64\x86_64_interrupt.asm(152): warning : signed dword immediate exceeds bounds
     1>E:\Aurora Kernel\kernel\arch\x86_64\x86_64_interrupt.asm(152): warning : signed dword immediate exceeds bounds
     1>E:\Aurora Kernel\kernel\arch\x86_64\x86_64_interrupt.asm(152): warning : signed dword immediate exceeds bounds
     1>E:\Aurora Kernel\kernel\arch\x86_64\x86_64_interrupt.asm(152): warning : signed dword immediate exceeds bounds
     1>E:\Aurora Kernel\kernel\arch\x86_64\x86_64_interrupt.asm(152): warning : signed dword immediate exceeds bounds
     1>E:\Aurora Kernel\kernel\arch\x86_64\x86_64_interrupt.asm(152): warning : signed dword immediate exceeds bounds
     1>E:\Aurora Kernel\kernel\arch\x86_64\x86_64_interrupt.asm(152): warning : signed dword immediate exceeds bounds
     1>E:\Aurora Kernel\kernel\arch\x86_64\x86_64_interrupt.asm(152): warning : signed dword immediate exceeds bounds
     1>E:\Aurora Kernel\kernel\arch\x86_64\x86_64_interrupt.asm(152): warning : signed dword immediate exceeds bounds
     1>E:\Aurora Kernel\kernel\arch\x86_64\x86_64_interrupt.asm(152): warning : signed dword immediate exceeds bounds
     1>E:\Aurora Kernel\kernel\arch\x86_64\x86_64_interrupt.asm(152): warning : signed dword immediate exceeds bounds
     1>E:\Aurora Kernel\kernel\arch\x86_64\x86_64_interrupt.asm(152): warning : signed dword immediate exceeds bounds
     1>E:\Aurora Kernel\kernel\arch\x86_64\x86_64_interrupt.asm(152): warning : signed dword immediate exceeds bounds
     1>E:\Aurora Kernel\kernel\arch\x86_64\x86_64_interrupt.asm(152): warning : signed dword immediate exceeds bounds
     1>E:\Aurora Kernel\kernel\arch\x86_64\x86_64_interrupt.asm(152): warning : signed dword immediate exceeds bounds
     1>E:\Aurora Kernel\kernel\arch\x86_64\x86_64_interrupt.asm(152): warning : signed dword immediate exceeds bounds
     1>E:\Aurora Kernel\kernel\arch\x86_64\x86_64_interrupt.asm(152): warning : signed dword immediate exceeds bounds
     1>E:\Aurora Kernel\kernel\arch\x86_64\x86_64_interrupt.asm(152): warning : signed dword immediate exceeds bounds
     1>E:\Aurora Kernel\kernel\arch\x86_64\x86_64_interrupt.asm(152): warning : signed dword immediate exceeds bounds
     1>E:\Aurora Kernel\kernel\arch\x86_64\x86_64_interrupt.asm(152): warning : signed dword immediate exceeds bounds
     1>E:\Aurora Kernel\kernel\arch\x86_64\x86_64_interrupt.asm(152): warning : signed dword immediate exceeds bounds
     1>E:\Aurora Kernel\kernel\arch\x86_64\x86_64_interrupt.asm(152): warning : signed dword immediate exceeds bounds
     1>E:\Aurora Kernel\kernel\arch\x86_64\x86_64_interrupt.asm(152): warning : signed dword immediate exceeds bounds
     1>E:\Aurora Kernel\kernel\arch\x86_64\x86_64_interrupt.asm(152): warning : signed dword immediate exceeds bounds
     1>E:\Aurora Kernel\kernel\arch\x86_64\x86_64_interrupt.asm(152): warning : signed dword immediate exceeds bounds
       _NASM:
         arch\x86_64\x86_64_lowlevel.asm
         cmd.exe /C "C:\Users\HP\AppData\Local\Temp\tmp1f747d390036483583333e0e6230c775.cmd"
         "C:\Program Files (x86)\Microsoft Visual Studio 12.0\VC\"nasm.exe -Xvc -f win64 -o "x64\Debug\x86_64_lowlevel.obj"  "E:\Aurora Kernel\kernel\arch\x86_64\x86_64_lowlevel.asm"
       ClCompile:
         C:\Program Files (x86)\Microsoft Visual Studio 12.0\VC\bin\x86_amd64\CL.exe /c /I"E:\Aurora Kernel\kernel\include" /Zi /nologo /W0 /WX- /Od /Oy /D ARCH_X64 /D _MBCS /X /Gm /GS- /arch:SSE /fp:precise /Zc:wchar_t /Zc:forScope /GR- /FAs /Fa"x64\Debug\\" /Fo"x64\Debug\\" /Fd"x64\Debug\vc120.pdb" /Gd /TP /errorReport:prompt arch\x86_64\x86_64_apic.cpp arch\x86_64\x86_64_ap_init.cpp arch\x86_64\x86_64_cpu.cpp arch\x86_64\x86_64_exception.cpp arch\x86_64\x86_64_ioapic.cpp arch\x86_64\x86_64_paging.cpp arch\x86_64\x86_64_per_cpu.cpp arch\x86_64\x86_64_pmmngr.cpp arch\x86_64\x86_64_scheduler.cpp atomic\au_spinlock.cpp console.cpp kdrivers\au_acpi.cpp kdrivers\au_video.cpp kdrivers\serial.cpp main.cpp mm\kmalloc.cpp pe.cpp stdlib.cpp string.cpp
     1>cl : Command line warning D9002: ignoring unknown option '/arch:SSE'
         string.cpp
         stdlib.cpp
         pe.cpp
         kmalloc.cpp
         main.cpp
         serial.cpp
         au_video.cpp
         au_acpi.cpp
         console.cpp
         au_spinlock.cpp
         x86_64_scheduler.cpp
         x86_64_pmmngr.cpp
         x86_64_per_cpu.cpp
         x86_64_paging.cpp
         x86_64_ioapic.cpp
         x86_64_exception.cpp
         x86_64_cpu.cpp
         x86_64_ap_init.cpp
         x86_64_apic.cpp
         Generating Code...
     1>C:\Program Files (x86)\MSBuild\Microsoft.Cpp\v4.0\V120\Microsoft.CppBuild.targets(1186,5): warning MSB8012: TargetPath(E:\Aurora Kernel\kernel\x64\Debug\kernel.exe) does not match the Linker's OutputFile property value (F:\EFI\XENEVA\xnkrnl.exe). This may cause your project to build incorrectly. To correct this, please make sure that $(OutDir), $(TargetName) and $(TargetExt) property values match the value specified in %(Link.OutputFile).
     1>C:\Program Files (x86)\MSBuild\Microsoft.Cpp\v4.0\V120\Microsoft.CppBuild.targets(1188,5): warning MSB8012: TargetName(kernel) does not match the Linker's OutputFile property value (xnkrnl). This may cause your project to build incorrectly. To correct this, please make sure that $(OutDir), $(TargetName) and $(TargetExt) property values match the value specified in %(Link.OutputFile).
       Link:
         C:\Program Files (x86)\Microsoft Visual Studio 12.0\VC\bin\x86_amd64\link.exe /ERRORREPORT:PROMPT /OUT:"F:\EFI\XENEVA\xnkrnl.exe" /INCREMENTAL /NOLOGO /NODEFAULTLIB /MANIFEST:NO /PDB:"E:\Aurora Kernel\kernel\x64\Debug\kernel.pdb" /MAP /MAPINFO:EXPORTS /SUBSYSTEM:NATIVE /STACK:"0x100000" /LARGEADDRESSAWARE /Driver /OPT:NOREF /LTCG /TLBID:1 /ENTRY:"_kmain" /BASE:"0xFFFFC00000000000" /FIXED:NO /IMPLIB:"E:\Aurora Kernel\kernel\x64\Debug\kernel.lib" /MACHINE:X64 /ALIGN:512 x64\Debug\x86_64_apic.obj
         x64\Debug\x86_64_ap_init.obj
         x64\Debug\x86_64_cpu.obj
         x64\Debug\x86_64_exception.obj
         x64\Debug\x86_64_ioapic.obj
         x64\Debug\x86_64_paging.obj
         x64\Debug\x86_64_per_cpu.obj
         x64\Debug\x86_64_pmmngr.obj
         x64\Debug\x86_64_scheduler.obj
         x64\Debug\au_spinlock.obj
         x64\Debug\console.obj
         x64\Debug\au_acpi.obj
         x64\Debug\au_video.obj
         x64\Debug\serial.obj
         x64\Debug\main.obj
         x64\Debug\kmalloc.obj
         x64\Debug\pe.obj
         x64\Debug\stdlib.obj
         x64\Debug\string.obj
         x64\Debug\x86_64_ctx_switch.obj
         x64\Debug\_fastcpy.obj
         x64\Debug\x86_64_interrupt.obj
         x64\Debug\x86_64_lowlevel.obj
     1>LINK : warning LNK4075: ignoring '/INCREMENTAL' due to '/LTCG' specification
            Creating library E:\Aurora Kernel\kernel\x64\Debug\kernel.lib and object E:\Aurora Kernel\kernel\x64\Debug\kernel.exp
         LINK : /LTCG specified but no code generation required; remove /LTCG from the link command line to improve linker performance
         kernel.vcxproj -> E:\Aurora Kernel\kernel\x64\Debug\kernel.exe
     1>Done Building Project "E:\Aurora Kernel\kernel\kernel.vcxproj" (Rebuild target(s)).

Build succeeded.

Time Elapsed 00:00:01.70
